
-------------------------------------------------------------------------------
Parsing project file - C:\Program Files (x86)\Steam\steamapps\common\DarkestDungeon\mods\MarisaModWIP\project.xml
Mod Data Directory = C:/Program Files (x86)/Steam/steamapps/common/DarkestDungeon/mods/MarisaModWIP/

-------------------------------------------------------------------------------
Processing Map Files files...

-------------------------------------------------------------------------------
Running Localization...
Parsing localization/magician_english.string_table.xml

Building Languages
Exporting .loc2 files

-------------------------------------------------------------------------------
Searching for preview icon file C:/Program Files (x86)/Steam/steamapps/common/DarkestDungeon/mods/MarisaModWIP/preview_icon.png...FOUND!
<UploadMode> - Set to dont_submit


-------------------------------------------------------------------------------
Detected 2 unchanged files
The following files are unchanged...
C:/Program Files (x86)/Steam/steamapps/common/DarkestDungeon/mods/MarisaModWIP/overlays/poptext_hp_heal_dot.png
C:/Program Files (x86)/Steam/steamapps/common/DarkestDungeon/mods/MarisaModWIP/overlays/tray_dot_hp_heal.png

-------------------------------------------------------------------------------
Modded files...

heroes/magician/magician_A/anim/magician.sprite.afflicted.png
heroes/magician/magician_A/anim/magician.sprite.attack_dragon.png
heroes/magician/magician_A/anim/magician.sprite.attack_ecological.png
heroes/magician/magician_A/anim/magician.sprite.attack_laser.png
heroes/magician/magician_A/anim/magician.sprite.attack_magicmissile.png
heroes/magician/magician_A/anim/magician.sprite.attack_masterspark.png
heroes/magician/magician_A/anim/magician.sprite.attack_reverie.png
heroes/magician/magician_A/anim/magician.sprite.attack_upsweep.png
heroes/magician/magician_A/anim/magician.sprite.camp.png
heroes/magician/magician_A/anim/magician.sprite.combat.png
heroes/magician/magician_A/anim/magician.sprite.defend.png
heroes/magician/magician_A/anim/magician.sprite.heroic.png
heroes/magician/magician_A/anim/magician.sprite.idle.png
heroes/magician/magician_A/anim/magician.sprite.investigate.png
heroes/magician/magician_A/anim/magician.sprite.walk.png
campaign/town/town_event/town_event.image_bonus_recruit_maid.png
campaign/town/town_event/town_event.image_first_magician.png
campaign/town/town_event/town_event.image_idle_resolve_level_maid.png
heroes/magician/anim/magician.sprite.afflicted.atlas
heroes/magician/anim/magician.sprite.afflicted.skel
heroes/magician/anim/magician.sprite.attack_dragon.atlas
heroes/magician/anim/magician.sprite.attack_dragon.skel
heroes/magician/anim/magician.sprite.attack_ecological.atlas
heroes/magician/anim/magician.sprite.attack_ecological.skel
heroes/magician/anim/magician.sprite.attack_laser.atlas
heroes/magician/anim/magician.sprite.attack_laser.skel
heroes/magician/anim/magician.sprite.attack_magicmissile.atlas
heroes/magician/anim/magician.sprite.attack_magicmissile.skel
heroes/magician/anim/magician.sprite.attack_masterspark.atlas
heroes/magician/anim/magician.sprite.attack_masterspark.skel
heroes/magician/anim/magician.sprite.attack_reverie.atlas
heroes/magician/anim/magician.sprite.attack_reverie.skel
heroes/magician/anim/magician.sprite.attack_spark.atlas
heroes/magician/anim/magician.sprite.attack_spark.skel
heroes/magician/anim/magician.sprite.attack_sweep.atlas
heroes/magician/anim/magician.sprite.attack_sweep.skel
heroes/magician/anim/magician.sprite.attack_upsweep.atlas
heroes/magician/anim/magician.sprite.attack_upsweep.skel
heroes/magician/anim/magician.sprite.camp.atlas
heroes/magician/anim/magician.sprite.camp.skel
heroes/magician/anim/magician.sprite.combat.atlas
heroes/magician/anim/magician.sprite.combat.skel
heroes/magician/anim/magician.sprite.defend.atlas
heroes/magician/anim/magician.sprite.defend.skel
heroes/magician/anim/magician.sprite.heroic.atlas
heroes/magician/anim/magician.sprite.heroic.skel
heroes/magician/anim/magician.sprite.idle.atlas
heroes/magician/anim/magician.sprite.idle.skel
heroes/magician/anim/magician.sprite.investigate.atlas
heroes/magician/anim/magician.sprite.investigate.skel
heroes/magician/anim/magician.sprite.walk.atlas
heroes/magician/anim/magician.sprite.walk.skel
heroes/magician/fx/magician.sprite.MG_thief_FX.atlas
heroes/magician/fx/magician.sprite.MG_thief_FX.png
heroes/magician/fx/magician.sprite.MG_thief_FX.skel
heroes/magician/fx/magician.sprite.TNec_RipTrac_FX.atlas
heroes/magician/fx/magician.sprite.TNec_RipTrac_FX.png
heroes/magician/fx/magician.sprite.TNec_RipTrac_FX.skel
heroes/magician/fx/magician.sprite.TNec_RipTrac_FX2.atlas
heroes/magician/fx/magician.sprite.TNec_RipTrac_FX2.png
heroes/magician/fx/magician.sprite.TNec_RipTrac_FX2.skel
heroes/magician/fx/magician.sprite.TNec_RipTrac_FX3.atlas
heroes/magician/fx/magician.sprite.TNec_RipTrac_FX3.png
heroes/magician/fx/magician.sprite.TNec_RipTrac_FX3.skel
heroes/magician/fx/magician.sprite.masterspark_FX.atlas
heroes/magician/fx/magician.sprite.masterspark_FX.png
heroes/magician/fx/magician.sprite.masterspark_FX.skel
heroes/magician/fx/magician.sprite.mg_blank1.atlas
heroes/magician/fx/magician.sprite.mg_blank1.png
heroes/magician/fx/magician.sprite.mg_blank1.skel
heroes/magician/fx/magician.sprite.mg_mm_perf_fx.atlas
heroes/magician/fx/magician.sprite.mg_mm_perf_fx.png
heroes/magician/fx/magician.sprite.mg_mm_perf_fx.skel
heroes/magician/fx/magician.sprite.mg_mm_targ_fx.atlas
heroes/magician/fx/magician.sprite.mg_mm_targ_fx.png
heroes/magician/fx/magician.sprite.mg_mm_targ_fx.skel
heroes/magician/fx/magician.sprite.mg_power_gain.atlas
heroes/magician/fx/magician.sprite.mg_power_gain.png
heroes/magician/fx/magician.sprite.mg_power_gain.skel
heroes/magician/fx/magician.sprite.mg_power_loss.atlas
heroes/magician/fx/magician.sprite.mg_power_loss.png
heroes/magician/fx/magician.sprite.mg_power_loss.skel
heroes/magician/fx/missile hit.png
heroes/magician/icons_equip/eqp_armour_0.png
heroes/magician/icons_equip/eqp_armour_1.png
heroes/magician/icons_equip/eqp_armour_2.png
heroes/magician/icons_equip/eqp_armour_3.png
heroes/magician/icons_equip/eqp_armour_4.png
heroes/magician/icons_equip/eqp_weapon_0.png
heroes/magician/icons_equip/eqp_weapon_1.png
heroes/magician/icons_equip/eqp_weapon_2.png
heroes/magician/icons_equip/eqp_weapon_3.png
heroes/magician/icons_equip/eqp_weapon_4.png
heroes/magician/magician_A/magician_portrait_roster.png
monsters/mg_satono_and_mai/anim/mg_satono_and_mai.sprite.combat.atlas
monsters/mg_satono_and_mai/anim/mg_satono_and_mai.sprite.combat.png
monsters/mg_satono_and_mai/anim/mg_satono_and_mai.sprite.combat.skel
monsters/mg_satono_and_mai/mg_satono_and_mai_A/mg_satono_and_mai_A.art.darkest
monsters/mg_satono_and_mai/mg_satono_and_mai_A/mg_satono_and_mai_A.info.darkest
monsters/mg_satono_and_mai/mg_satono_and_mai_B/mg_satono_and_mai_B.art.darkest
monsters/mg_satono_and_mai/mg_satono_and_mai_B/mg_satono_and_mai_B.info.darkest
monsters/mg_satono_and_mai/mg_satono_and_mai_C/mg_satono_and_mai_C.art.darkest
monsters/mg_satono_and_mai/mg_satono_and_mai_C/mg_satono_and_mai_C.info.darkest
monsters/mg_satono_and_mai/mg_satono_and_mai_D/mg_satono_and_mai_D.art.darkest
monsters/mg_satono_and_mai/mg_satono_and_mai_D/mg_satono_and_mai_D.info.darkest
monsters/mg_satono_and_mai/mg_satono_and_mai_E/mg_satono_and_mai_E.art.darkest
monsters/mg_satono_and_mai/mg_satono_and_mai_E/mg_satono_and_mai_E.info.darkest
monsters/mg_trinketspawn/anim/mg_trinketspawn.sprite.combat.atlas
monsters/mg_trinketspawn/anim/mg_trinketspawn.sprite.combat.png
monsters/mg_trinketspawn/anim/mg_trinketspawn.sprite.combat.skel
monsters/mg_trinketspawn/mg_trinketspawn_A/mg_trinketspawn_A.art.darkest
monsters/mg_trinketspawn/mg_trinketspawn_A/mg_trinketspawn_A.info.darkest
monsters/mg_trinketspawn/mg_trinketspawn_B/mg_trinketspawn_B.art.darkest
monsters/mg_trinketspawn/mg_trinketspawn_B/mg_trinketspawn_B.info.darkest
panels/icons_equip/gem/inv_gem+magician_MIKO_donations.png
panels/icons_equip/supply/inv_supply+magician_ARB_bandage.png
panels/icons_equip/supply/inv_supply+magician_CAEN_food.png
panels/icons_equip/supply/inv_supply+magician_CRUSADER_holywater.png
panels/icons_equip/supply/inv_supply+magician_ETERNAL_urn.png
panels/icons_equip/supply/inv_supply+magician_FISHLAD_oranges.png
panels/icons_equip/supply/inv_supply+magician_GRAVE_knife.png
panels/icons_equip/supply/inv_supply+magician_HELLION_stone.png
panels/icons_equip/supply/inv_supply+magician_HERALD_crystal.png
panels/icons_equip/supply/inv_supply+magician_HOUND_treats.png
panels/icons_equip/supply/inv_supply+magician_JESTER_herbs.png
panels/icons_equip/supply/inv_supply+magician_LIBRARIAN_notes.png
panels/icons_equip/supply/inv_supply+magician_MAA_plans.png
panels/icons_equip/supply/inv_supply+magician_MAID_tea.png
panels/icons_equip/supply/inv_supply+magician_PLAGUE_antivenom.png
panels/icons_equip/supply/inv_supply+magician_RUN_bomb.png
panels/icons_equip/supply/inv_supply+magician_SWITCH_components.png
panels/icons_equip/supply/inv_supply+magician_bomb.png
panels/icons_equip/supply/inv_supply+magician_bomb_camp.png
panels/icons_equip/supply/inv_supply+magician_curseshroom_1.png
panels/icons_equip/supply/inv_supply+magician_curseshroom_3.png
panels/icons_equip/supply/inv_supply+magician_curseshroom_5.png
panels/icons_equip/supply/inv_supply+magician_healshroom_1.png
panels/icons_equip/supply/inv_supply+magician_healshroom_3.png
panels/icons_equip/supply/inv_supply+magician_healshroom_5.png
panels/icons_equip/supply/inv_supply+magician_horrorshroom_1.png
panels/icons_equip/supply/inv_supply+magician_horrorshroom_3.png
panels/icons_equip/supply/inv_supply+magician_horrorshroom_5.png
panels/icons_equip/supply/inv_supply+magician_razorshroom_1.png
panels/icons_equip/supply/inv_supply+magician_razorshroom_3.png
panels/icons_equip/supply/inv_supply+magician_razorshroom_5.png
panels/icons_equip/supply/inv_supply+magician_shadowshroom_1.png
panels/icons_equip/supply/inv_supply+magician_shadowshroom_3.png
panels/icons_equip/supply/inv_supply+magician_shadowshroom_5.png
panels/icons_equip/supply/inv_supply+magician_sturdyshroom_1.png
panels/icons_equip/supply/inv_supply+magician_sturdyshroom_3.png
panels/icons_equip/supply/inv_supply+magician_sturdyshroom_5.png
panels/icons_equip/trinket/inv_trinket+cc_set_magician_lonely_doll.png
panels/icons_equip/trinket/inv_trinket+cc_set_magician_melancholic_doll.png
panels/icons_equip/trinket/inv_trinket+magician_bag.png
panels/icons_equip/trinket/inv_trinket+magician_darkhakkero_si.png
panels/icons_equip/trinket/inv_trinket+magician_herbal.png
panels/icons_equip/trinket/inv_trinket+magician_manual.png
panels/icons_equip/trinket/inv_trinket+magician_mima.png
panels/icons_equip/trinket/inv_trinket+magician_wand.png
raid/camping/skill_icons/camp_skill_bomb_brew_mg.png
raid/camping/skill_icons/camp_skill_danmaku_mg.png
raid/camping/skill_icons/camp_skill_mg_gather.png
raid/camping/skill_icons/camp_skill_mg_witch_night.png
campaign/provision/magician.provision.json
campaign/town_events/magician.town_events.events.json
fx/death_touhou/death_touhou.sprite.atlas
fx/death_touhou/death_touhou.sprite.png
fx/death_touhou/death_touhou.sprite.skel
fx/magician_bomb/magician_bomb.sprite.atlas
fx/magician_bomb/magician_bomb.sprite.png
fx/magician_bomb/magician_bomb.sprite.skel
fx/magician_bomb_camp/magician_bomb_camp.sprite.atlas
fx/magician_bomb_camp/magician_bomb_camp.sprite.png
fx/magician_bomb_camp/magician_bomb_camp.sprite.skel
heroes/magician/magician.ability.five.png
heroes/magician/magician.ability.four.png
heroes/magician/magician.ability.one.png
heroes/magician/magician.ability.seven.png
heroes/magician/magician.ability.six.png
heroes/magician/magician.ability.three.png
heroes/magician/magician.ability.two.png
heroes/magician/magician.art.darkest
heroes/magician/magician.info.darkest
heroes/magician/magician_guild_header.png
heroes/magician/magicianbackup.infobackup
raid/actor_dot/magician.actor_dot.json
raid/camping/magician.camping_skills.json
shared/buffs/magician.buffs.json
shared/buffs/magician.mushroom.buffs.json
shared/buffs/magician_MA.buffs.json
shared/buffs/magician_SR.buffs.json
shared/buffs/magician_Splash.buffs.json
shared/buffs/magician_bomb.buffs.json
shared/buffs/magician_kill.buffs.json
shared/buffs/magician_loot.buffs.json
shared/buffs/magician_trinket.buffs.json
shared/buffs/magician_tt.buffs.json
shared/buffs/magician_whackywahoomushroomlady.buffs.json
campaign/magician.roster.additional_variables.json
colours/magician.colours.darkest
effects/maigician.effects.darkest
inventory/magician.inventory.extra_stack_limits.darkest
inventory/magician.supply.inventory.items.darkest
localization/0_english.loc2
localization/magician_english.string_table.xml
loot/magician.loot.json
overlays/poptext_damage_reflect.png
overlays/poptext_health_damage_block.png
overlays/poptext_health_damage_block_onset.png
overlays/poptext_shuffle_dot.png
overlays/poptext_shuffle_dot_resist.png
overlays/poptext_vampire_resist.png
overlays/tray_dot_shuffle.png
overlays/tray_health_damage_block.png
overlays/tray_quirk.disease_vampire_blood_lust.png
overlays/tray_quirk.disease_vampire_crave.png
overlays/tray_quirk.disease_vampire_passive.png
overlays/tray_quirk.disease_vampire_wasting.png
trinkets/com.rarities.trinkets.json
trinkets/crimson_court.rarities.trinkets.json
trinkets/east_town.rarities.trinkets.json
trinkets/magician.entries.trinkets.json
trinkets/magician.sets.trinkets.json
upgrades/magician.upgrades.json
Change Log.txt
preview_icon.png
project.xml


*******************************************************************************
WARNING MOD WILL NOT BE UPLOADED
*******************************************************************************
Saving project file C:\Program Files (x86)\Steam\steamapps\common\DarkestDungeon\mods\MarisaModWIP\project.xml

